[debug] ----------------------------------------------------------------------
[debug] Command:      node /usr/local/bin/firebase serve
[debug] CLI Version:  3.0.7
[debug] Platform:     linux
[debug] Node Version: v0.10.25
[debug] Time:         Tue Aug 30 2016 04:29:30 GMT+0530 (IST)
[debug] ----------------------------------------------------------------------
[debug] 
[info] Starting Firebase development server...
[info] 
[info] Project Directory: /home/diganta/WT3.0
[info] Public Directory: public
[info] 
[info] Server listening at: http://localhost:5000
[debug] ----------------------------------------------------------------------
[debug] Command:      node /usr/local/bin/firebase serve
[debug] CLI Version:  3.0.7
[debug] Platform:     linux
[debug] Node Version: v0.10.25
[debug] Time:         Thu Sep 01 2016 00:45:08 GMT+0530 (IST)
[debug] ----------------------------------------------------------------------
[debug] 
[info] Starting Firebase development server...
[info] 
[info] Project Directory: /home/diganta/WT3.0
[info] Public Directory: public
[info] 
[info] Server listening at: http://localhost:5000
[debug] ----------------------------------------------------------------------
[debug] Command:      node /usr/local/bin/firebase serve
[debug] CLI Version:  3.0.7
[debug] Platform:     linux
[debug] Node Version: v0.10.25
[debug] Time:         Wed Sep 07 2016 13:08:45 GMT+0530 (IST)
[debug] ----------------------------------------------------------------------
[debug] 
[info] Starting Firebase development server...
[info] 
[info] Project Directory: /home/diganta/WT3.0
[info] Public Directory: public
[info] 
[info] Server listening at: http://localhost:5000
